build/intermediates/manifest_merge_blame_file/debug/manifest-merger-blame-debug-report.txt
1<?xml version="1.0" encoding="utf-8"?>
2<manifest xmlns:android="http://schemas.android.com/apk/res/android"
3    package="com.example.scanapp"
4    android:versionCode="1"
5    android:versionName="1.0" >
6
7    <uses-sdk
8        android:minSdkVersion="21"
8-->src/main/AndroidManifest.xml
9        android:targetSdkVersion="29" />
9-->src/main/AndroidManifest.xml
10
11    <uses-feature android:name="android.hardware.camera.autofocus" />
11-->src/main/AndroidManifest.xml:26:5-70
11-->src/main/AndroidManifest.xml:26:19-67
12    <uses-feature android:name="android.hardware.camera" />
12-->src/main/AndroidManifest.xml:28:5-60
12-->src/main/AndroidManifest.xml:28:19-57
13
14    <uses-permission android:name="android.permission.CAMERA" />
14-->src/main/AndroidManifest.xml:29:5-65
14-->src/main/AndroidManifest.xml:29:22-62
15    <uses-permission android:name="android.permission.INTERNET" />
15-->src/main/AndroidManifest.xml:31:5-67
15-->src/main/AndroidManifest.xml:31:22-64
16
17    <application
17-->src/main/AndroidManifest.xml:5:5-25:19
18        android:allowBackup="true"
18-->src/main/AndroidManifest.xml:6:9-35
19        android:appComponentFactory="androidx.core.app.CoreComponentFactory"
19-->[androidx.core:core:1.3.1] AndroidManifest.xml:24:18-86
20        android:debuggable="true"
21        android:icon="@mipmap/ic_launcher"
21-->src/main/AndroidManifest.xml:7:9-43
22        android:label="@string/app_name"
22-->src/main/AndroidManifest.xml:8:9-41
23        android:roundIcon="@mipmap/ic_launcher_round"
23-->src/main/AndroidManifest.xml:9:9-54
24        android:supportsRtl="true"
24-->src/main/AndroidManifest.xml:10:9-35
25        android:theme="@style/Theme.ScanApp" >
25-->src/main/AndroidManifest.xml:11:9-45
26        <activity android:name="com.example.scanapp.SecActivity" />
26-->src/main/AndroidManifest.xml:12:9-58
26-->src/main/AndroidManifest.xml:12:19-46
27        <activity android:name="com.example.scanapp.FirstActivity" />
27-->src/main/AndroidManifest.xml:13:9-51
27-->src/main/AndroidManifest.xml:13:19-48
28        <activity android:name="com.example.scanapp.HomeActivity" />
28-->src/main/AndroidManifest.xml:14:9-50
28-->src/main/AndroidManifest.xml:14:19-47
29        <activity android:name="com.example.scanapp.LoginActivity" />
29-->src/main/AndroidManifest.xml:15:9-51
29-->src/main/AndroidManifest.xml:15:19-48
30        <activity android:name="com.example.scanapp.RecActivity" />
30-->src/main/AndroidManifest.xml:16:9-49
30-->src/main/AndroidManifest.xml:16:19-46
31        <activity android:name="com.example.scanapp.RegActivity" >
31-->src/main/AndroidManifest.xml:17:9-23:20
31-->src/main/AndroidManifest.xml:17:19-46
32            <intent-filter>
32-->src/main/AndroidManifest.xml:18:13-22:29
33                <action android:name="android.intent.action.MAIN" />
33-->src/main/AndroidManifest.xml:19:17-69
33-->src/main/AndroidManifest.xml:19:25-66
34
35                <category android:name="android.intent.category.LAUNCHER" />
35-->src/main/AndroidManifest.xml:21:17-77
35-->src/main/AndroidManifest.xml:21:27-74
36            </intent-filter>
37        </activity>
38        <activity android:name="com.example.scanapp.MainActivity" />
38-->src/main/AndroidManifest.xml:24:9-50
38-->src/main/AndroidManifest.xml:24:19-47
39
40        <provider
40-->[com.squareup.picasso:picasso:2.71828] AndroidManifest.xml:8:9-11:40
41            android:name="com.squareup.picasso.PicassoProvider"
41-->[com.squareup.picasso:picasso:2.71828] AndroidManifest.xml:9:13-64
42            android:authorities="com.example.scanapp.com.squareup.picasso"
42-->[com.squareup.picasso:picasso:2.71828] AndroidManifest.xml:10:13-72
43            android:exported="false" />
43-->[com.squareup.picasso:picasso:2.71828] AndroidManifest.xml:11:13-37
44    </application>
45
46</manifest>